0 info it worked if it ends with ok
1 verbose cli [ '/Users/philkunz/.nvm/versions/node/v4.2.4/bin/node',
1 verbose cli   '/Users/philkunz/.nvm/versions/node/v4.2.4/bin/npm',
1 verbose cli   'test' ]
2 info using npm@3.8.5
3 info using node@v4.2.4
4 verbose stack Error: ENOENT: no such file or directory, open '/Users/philkunz/github/hosttoday/ht-docker-traffic/package.json'
4 verbose stack     at Error (native)
5 verbose cwd /Users/philkunz/github/hosttoday/ht-docker-traffic
6 error Darwin 15.3.0
7 error argv "/Users/philkunz/.nvm/versions/node/v4.2.4/bin/node" "/Users/philkunz/.nvm/versions/node/v4.2.4/bin/npm" "test"
8 error node v4.2.4
9 error npm  v3.8.5
10 error path /Users/philkunz/github/hosttoday/ht-docker-traffic/package.json
11 error code ENOENT
12 error errno -2
13 error syscall open
14 error enoent ENOENT: no such file or directory, open '/Users/philkunz/github/hosttoday/ht-docker-traffic/package.json'
15 error enoent ENOENT: no such file or directory, open '/Users/philkunz/github/hosttoday/ht-docker-traffic/package.json'
15 error enoent This is most likely not a problem with npm itself
15 error enoent and is related to npm not being able to find a file.
16 verbose exit [ -2, true ]
